<?xml version="1.0" encoding="UTF-8"?>
<!-- Generated by org.testng.reporters.JUnitReportReporter -->
<testsuite hostname="Admin-PC" failures="0" tests="1" name="com.build.anhteo.testcases.home.Test_Case_Test_1" time="3.210" errors="0" timestamp="04 Jul 2023 15:28:32 GMT" skipped="0">
  <testcase classname="com.build.anhteo.testcases.home.Test_Case_Test_1" name="Test_1" time="3.210"/>
</testsuite> <!-- com.build.anhteo.testcases.home.Test_Case_Test_1 -->
